2004.03.07 23:05 B E:\Data\Jules\Web\www hivehoneyshop\Website\images\2bees.gif <-- Grapefruit /grapefruit-web.co.uk/htdocs/clients/hivehoneyshop/images 2bees.gif
2004.03.07 23:05 B E:\Data\Jules\Web\www hivehoneyshop\Website\images\bee1.gif <-- Grapefruit /grapefruit-web.co.uk/htdocs/clients/hivehoneyshop/images bee1.gif
2004.03.07 23:05 B E:\Data\Jules\Web\www hivehoneyshop\Website\images\bee2.gif <-- Grapefruit /grapefruit-web.co.uk/htdocs/clients/hivehoneyshop/images bee2.gif
2004.03.07 23:05 B E:\Data\Jules\Web\www hivehoneyshop\Website\images\bee3.gif <-- Grapefruit /grapefruit-web.co.uk/htdocs/clients/hivehoneyshop/images bee3.gif
2004.03.07 23:05 B E:\Data\Jules\Web\www hivehoneyshop\Website\images\bee4.gif <-- Grapefruit /grapefruit-web.co.uk/htdocs/clients/hivehoneyshop/images bee4.gif
2004.03.07 23:05 B E:\Data\Jules\Web\www hivehoneyshop\Website\images\bee5.gif <-- Grapefruit /grapefruit-web.co.uk/htdocs/clients/hivehoneyshop/images bee5.gif
2004.03.07 23:05 B E:\Data\Jules\Web\www hivehoneyshop\Website\images\bee6.gif <-- Grapefruit /grapefruit-web.co.uk/htdocs/clients/hivehoneyshop/images bee6.gif
2004.03.07 23:05 B E:\Data\Jules\Web\www hivehoneyshop\Website\images\bee7.gif <-- Grapefruit /grapefruit-web.co.uk/htdocs/clients/hivehoneyshop/images bee7.gif
2004.03.07 23:05 B E:\Data\Jules\Web\www hivehoneyshop\Website\images\beebutton.gif <-- Grapefruit /grapefruit-web.co.uk/htdocs/clients/hivehoneyshop/images beebutton.gif
2004.03.07 23:05 B E:\Data\Jules\Web\www hivehoneyshop\Website\images\candles_a.jpg <-- Grapefruit /grapefruit-web.co.uk/htdocs/clients/hivehoneyshop/images candles_a.jpg
2004.03.07 23:05 B E:\Data\Jules\Web\www hivehoneyshop\Website\images\candles_b.jpg <-- Grapefruit /grapefruit-web.co.uk/htdocs/clients/hivehoneyshop/images candles_b.jpg
2004.03.07 23:05 B E:\Data\Jules\Web\www hivehoneyshop\Website\images\candles_c.jpg <-- Grapefruit /grapefruit-web.co.uk/htdocs/clients/hivehoneyshop/images candles_c.jpg
2004.03.07 23:05 B E:\Data\Jules\Web\www hivehoneyshop\Website\images\candles_f.jpg <-- Grapefruit /grapefruit-web.co.uk/htdocs/clients/hivehoneyshop/images candles_f.jpg
2004.03.07 23:05 B E:\Data\Jules\Web\www hivehoneyshop\Website\images\candles_g.jpg <-- Grapefruit /grapefruit-web.co.uk/htdocs/clients/hivehoneyshop/images candles_g.jpg
2004.03.07 23:05 B E:\Data\Jules\Web\www hivehoneyshop\Website\images\candles_h.jpg <-- Grapefruit /grapefruit-web.co.uk/htdocs/clients/hivehoneyshop/images candles_h.jpg
2004.03.07 23:05 B E:\Data\Jules\Web\www hivehoneyshop\Website\images\candles_k.jpg <-- Grapefruit /grapefruit-web.co.uk/htdocs/clients/hivehoneyshop/images candles_k.jpg
2004.03.07 23:05 B E:\Data\Jules\Web\www hivehoneyshop\Website\images\candles_l.jpg <-- Grapefruit /grapefruit-web.co.uk/htdocs/clients/hivehoneyshop/images candles_l.jpg
2004.03.07 23:05 B E:\Data\Jules\Web\www hivehoneyshop\Website\images\candles_m.jpg <-- Grapefruit /grapefruit-web.co.uk/htdocs/clients/hivehoneyshop/images candles_m.jpg
2004.03.07 23:05 B E:\Data\Jules\Web\www hivehoneyshop\Website\images\candles_p.jpg <-- Grapefruit /grapefruit-web.co.uk/htdocs/clients/hivehoneyshop/images candles_p.jpg
2004.03.07 23:05 B E:\Data\Jules\Web\www hivehoneyshop\Website\images\candles_q.jpg <-- Grapefruit /grapefruit-web.co.uk/htdocs/clients/hivehoneyshop/images candles_q.jpg
2004.03.07 23:05 B E:\Data\Jules\Web\www hivehoneyshop\Website\images\candles_r.jpg <-- Grapefruit /grapefruit-web.co.uk/htdocs/clients/hivehoneyshop/images candles_r.jpg
2004.03.07 23:05 B E:\Data\Jules\Web\www hivehoneyshop\Website\images\candles_u.jpg <-- Grapefruit /grapefruit-web.co.uk/htdocs/clients/hivehoneyshop/images candles_u.jpg
2004.03.07 23:05 B E:\Data\Jules\Web\www hivehoneyshop\Website\images\candles_v.jpg <-- Grapefruit /grapefruit-web.co.uk/htdocs/clients/hivehoneyshop/images candles_v.jpg
2004.03.07 23:05 B E:\Data\Jules\Web\www hivehoneyshop\Website\images\candles_w.jpg <-- Grapefruit /grapefruit-web.co.uk/htdocs/clients/hivehoneyshop/images candles_w.jpg
2004.03.07 23:05 B E:\Data\Jules\Web\www hivehoneyshop\Website\images\cosmetics_a.jpg <-- Grapefruit /grapefruit-web.co.uk/htdocs/clients/hivehoneyshop/images cosmetics_a.jpg
2004.03.07 23:05 B E:\Data\Jules\Web\www hivehoneyshop\Website\images\cosmetics_b.jpg <-- Grapefruit /grapefruit-web.co.uk/htdocs/clients/hivehoneyshop/images cosmetics_b.jpg
2004.03.07 23:05 B E:\Data\Jules\Web\www hivehoneyshop\Website\images\cosmetics_c.jpg <-- Grapefruit /grapefruit-web.co.uk/htdocs/clients/hivehoneyshop/images cosmetics_c.jpg
2004.03.07 23:05 B E:\Data\Jules\Web\www hivehoneyshop\Website\images\cosmetics_d.jpg <-- Grapefruit /grapefruit-web.co.uk/htdocs/clients/hivehoneyshop/images cosmetics_d.jpg
2004.03.07 23:05 B E:\Data\Jules\Web\www hivehoneyshop\Website\images\cosmetics_e.jpg <-- Grapefruit /grapefruit-web.co.uk/htdocs/clients/hivehoneyshop/images cosmetics_e.jpg
2004.03.07 23:05 B E:\Data\Jules\Web\www hivehoneyshop\Website\images\cosmetics_f.jpg <-- Grapefruit /grapefruit-web.co.uk/htdocs/clients/hivehoneyshop/images cosmetics_f.jpg
2004.03.07 23:05 B E:\Data\Jules\Web\www hivehoneyshop\Website\images\cosmetics_g.jpg <-- Grapefruit /grapefruit-web.co.uk/htdocs/clients/hivehoneyshop/images cosmetics_g.jpg
2004.03.07 23:05 B E:\Data\Jules\Web\www hivehoneyshop\Website\images\cosmetics_h.jpg <-- Grapefruit /grapefruit-web.co.uk/htdocs/clients/hivehoneyshop/images cosmetics_h.jpg
2004.03.07 23:05 B E:\Data\Jules\Web\www hivehoneyshop\Website\images\cosmetics_i.jpg <-- Grapefruit /grapefruit-web.co.uk/htdocs/clients/hivehoneyshop/images cosmetics_i.jpg
2004.03.07 23:05 B E:\Data\Jules\Web\www hivehoneyshop\Website\images\creditcards.gif <-- Grapefruit /grapefruit-web.co.uk/htdocs/clients/hivehoneyshop/images creditcards.gif
2004.03.07 23:05 B E:\Data\Jules\Web\www hivehoneyshop\Website\images\delight_a.jpg <-- Grapefruit /grapefruit-web.co.uk/htdocs/clients/hivehoneyshop/images delight_a.jpg
2004.03.07 23:05 B E:\Data\Jules\Web\www hivehoneyshop\Website\images\delight_b.jpg <-- Grapefruit /grapefruit-web.co.uk/htdocs/clients/hivehoneyshop/images delight_b.jpg
2004.03.07 23:05 B E:\Data\Jules\Web\www hivehoneyshop\Website\images\delight_c.jpg <-- Grapefruit /grapefruit-web.co.uk/htdocs/clients/hivehoneyshop/images delight_c.jpg
2004.03.07 23:05 B E:\Data\Jules\Web\www hivehoneyshop\Website\images\delight_d.jpg <-- Grapefruit /grapefruit-web.co.uk/htdocs/clients/hivehoneyshop/images delight_d.jpg
2004.03.07 23:05 B E:\Data\Jules\Web\www hivehoneyshop\Website\images\delight_e.jpg <-- Grapefruit /grapefruit-web.co.uk/htdocs/clients/hivehoneyshop/images delight_e.jpg
2004.03.07 23:05 B E:\Data\Jules\Web\www hivehoneyshop\Website\images\delight_f.jpg <-- Grapefruit /grapefruit-web.co.uk/htdocs/clients/hivehoneyshop/images delight_f.jpg
2004.03.07 23:05 B E:\Data\Jules\Web\www hivehoneyshop\Website\images\delight_g.jpg <-- Grapefruit /grapefruit-web.co.uk/htdocs/clients/hivehoneyshop/images delight_g.jpg
2004.03.07 23:05 B E:\Data\Jules\Web\www hivehoneyshop\Website\images\delight_h.jpg <-- Grapefruit /grapefruit-web.co.uk/htdocs/clients/hivehoneyshop/images delight_h.jpg
2004.03.07 23:05 B E:\Data\Jules\Web\www hivehoneyshop\Website\images\delight_i.jpg <-- Grapefruit /grapefruit-web.co.uk/htdocs/clients/hivehoneyshop/images delight_i.jpg
2004.03.07 23:05 B E:\Data\Jules\Web\www hivehoneyshop\Website\images\fwmenu1_172x17_over.gif <-- Grapefruit /grapefruit-web.co.uk/htdocs/clients/hivehoneyshop/images fwmenu1_172x17_over.gif
2004.03.07 23:05 B E:\Data\Jules\Web\www hivehoneyshop\Website\images\fwmenu1_172x17_up.gif <-- Grapefruit /grapefruit-web.co.uk/htdocs/clients/hivehoneyshop/images fwmenu1_172x17_up.gif
2004.03.07 23:05 B E:\Data\Jules\Web\www hivehoneyshop\Website\images\gifts_a.jpg <-- Grapefruit /grapefruit-web.co.uk/htdocs/clients/hivehoneyshop/images gifts_a.jpg
2004.03.07 23:05 B E:\Data\Jules\Web\www hivehoneyshop\Website\images\gifts_b.jpg <-- Grapefruit /grapefruit-web.co.uk/htdocs/clients/hivehoneyshop/images gifts_b.jpg
2004.03.07 23:05 B E:\Data\Jules\Web\www hivehoneyshop\Website\images\gifts_c.jpg <-- Grapefruit /grapefruit-web.co.uk/htdocs/clients/hivehoneyshop/images gifts_c.jpg
2004.03.07 23:05 B E:\Data\Jules\Web\www hivehoneyshop\Website\images\gifts_d.jpg <-- Grapefruit /grapefruit-web.co.uk/htdocs/clients/hivehoneyshop/images gifts_d.jpg
2004.03.07 23:05 B E:\Data\Jules\Web\www hivehoneyshop\Website\images\gifts_e.jpg <-- Grapefruit /grapefruit-web.co.uk/htdocs/clients/hivehoneyshop/images gifts_e.jpg
2004.03.07 23:05 B E:\Data\Jules\Web\www hivehoneyshop\Website\images\gifts_f.jpg <-- Grapefruit /grapefruit-web.co.uk/htdocs/clients/hivehoneyshop/images gifts_f.jpg
2004.03.07 23:05 B E:\Data\Jules\Web\www hivehoneyshop\Website\images\gifts_g.jpg <-- Grapefruit /grapefruit-web.co.uk/htdocs/clients/hivehoneyshop/images gifts_g.jpg
2004.03.07 23:05 B E:\Data\Jules\Web\www hivehoneyshop\Website\images\gifts_h.jpg <-- Grapefruit /grapefruit-web.co.uk/htdocs/clients/hivehoneyshop/images gifts_h.jpg
2004.03.07 23:05 B E:\Data\Jules\Web\www hivehoneyshop\Website\images\gifts_i.jpg <-- Grapefruit /grapefruit-web.co.uk/htdocs/clients/hivehoneyshop/images gifts_i.jpg
2004.03.07 23:05 B E:\Data\Jules\Web\www hivehoneyshop\Website\images\gifts_j.jpg <-- Grapefruit /grapefruit-web.co.uk/htdocs/clients/hivehoneyshop/images gifts_j.jpg
2004.03.07 23:05 B E:\Data\Jules\Web\www hivehoneyshop\Website\images\gifts_k.jpg <-- Grapefruit /grapefruit-web.co.uk/htdocs/clients/hivehoneyshop/images gifts_k.jpg
2004.03.07 23:05 B E:\Data\Jules\Web\www hivehoneyshop\Website\images\gifts_l.jpg <-- Grapefruit /grapefruit-web.co.uk/htdocs/clients/hivehoneyshop/images gifts_l.jpg
2004.03.07 23:05 B E:\Data\Jules\Web\www hivehoneyshop\Website\images\gifts_m.jpg <-- Grapefruit /grapefruit-web.co.uk/htdocs/clients/hivehoneyshop/images gifts_m.jpg
2004.03.07 23:05 B E:\Data\Jules\Web\www hivehoneyshop\Website\images\health_a.jpg <-- Grapefruit /grapefruit-web.co.uk/htdocs/clients/hivehoneyshop/images health_a.jpg
2004.03.07 23:05 B E:\Data\Jules\Web\www hivehoneyshop\Website\images\health_b.jpg <-- Grapefruit /grapefruit-web.co.uk/htdocs/clients/hivehoneyshop/images health_b.jpg
2004.03.07 23:05 B E:\Data\Jules\Web\www hivehoneyshop\Website\images\health_c.jpg <-- Grapefruit /grapefruit-web.co.uk/htdocs/clients/hivehoneyshop/images health_c.jpg
2004.03.07 23:05 B E:\Data\Jules\Web\www hivehoneyshop\Website\images\health_d.jpg <-- Grapefruit /grapefruit-web.co.uk/htdocs/clients/hivehoneyshop/images health_d.jpg
2004.03.07 23:05 B E:\Data\Jules\Web\www hivehoneyshop\Website\images\health_e.jpg <-- Grapefruit /grapefruit-web.co.uk/htdocs/clients/hivehoneyshop/images health_e.jpg
2004.03.07 23:05 B E:\Data\Jules\Web\www hivehoneyshop\Website\images\health_f.jpg <-- Grapefruit /grapefruit-web.co.uk/htdocs/clients/hivehoneyshop/images health_f.jpg
2004.03.07 23:05 B E:\Data\Jules\Web\www hivehoneyshop\Website\images\health_g.jpg <-- Grapefruit /grapefruit-web.co.uk/htdocs/clients/hivehoneyshop/images health_g.jpg
2004.03.07 23:05 B E:\Data\Jules\Web\www hivehoneyshop\Website\images\health_h.jpg <-- Grapefruit /grapefruit-web.co.uk/htdocs/clients/hivehoneyshop/images health_h.jpg
2004.03.07 23:05 B E:\Data\Jules\Web\www hivehoneyshop\Website\images\health_i.jpg <-- Grapefruit /grapefruit-web.co.uk/htdocs/clients/hivehoneyshop/images health_i.jpg
2004.03.07 23:05 B E:\Data\Jules\Web\www hivehoneyshop\Website\images\history2_a.jpg <-- Grapefruit /grapefruit-web.co.uk/htdocs/clients/hivehoneyshop/images history2_a.jpg
2004.03.07 23:05 B E:\Data\Jules\Web\www hivehoneyshop\Website\images\history2_b.jpg <-- Grapefruit /grapefruit-web.co.uk/htdocs/clients/hivehoneyshop/images history2_b.jpg
2004.03.07 23:05 B E:\Data\Jules\Web\www hivehoneyshop\Website\images\history2_c.jpg <-- Grapefruit /grapefruit-web.co.uk/htdocs/clients/hivehoneyshop/images history2_c.jpg
2004.03.07 23:05 B E:\Data\Jules\Web\www hivehoneyshop\Website\images\history2_d.jpg <-- Grapefruit /grapefruit-web.co.uk/htdocs/clients/hivehoneyshop/images history2_d.jpg
2004.03.07 23:05 B E:\Data\Jules\Web\www hivehoneyshop\Website\images\hive_history1_a.jpg <-- Grapefruit /grapefruit-web.co.uk/htdocs/clients/hivehoneyshop/images hive_history1_a.jpg
2004.03.07 23:05 B E:\Data\Jules\Web\www hivehoneyshop\Website\images\hive_history1_b.jpg <-- Grapefruit /grapefruit-web.co.uk/htdocs/clients/hivehoneyshop/images hive_history1_b.jpg
2004.03.07 23:05 B E:\Data\Jules\Web\www hivehoneyshop\Website\images\hive_history1_c.jpg <-- Grapefruit /grapefruit-web.co.uk/htdocs/clients/hivehoneyshop/images hive_history1_c.jpg
2004.03.07 23:05 B E:\Data\Jules\Web\www hivehoneyshop\Website\images\hive_history1_d.jpg <-- Grapefruit /grapefruit-web.co.uk/htdocs/clients/hivehoneyshop/images hive_history1_d.jpg
2004.03.07 23:05 B E:\Data\Jules\Web\www hivehoneyshop\Website\images\hive_map.gif <-- Grapefruit /grapefruit-web.co.uk/htdocs/clients/hivehoneyshop/images hive_map.gif
2004.03.07 23:05 B E:\Data\Jules\Web\www hivehoneyshop\Website\images\hive_masthead_a.gif <-- Grapefruit /grapefruit-web.co.uk/htdocs/clients/hivehoneyshop/images hive_masthead_a.gif
2004.03.07 23:05 B E:\Data\Jules\Web\www hivehoneyshop\Website\images\hive_masthead_b.gif <-- Grapefruit /grapefruit-web.co.uk/htdocs/clients/hivehoneyshop/images hive_masthead_b.gif
2004.03.07 23:05 B E:\Data\Jules\Web\www hivehoneyshop\Website\images\hive_masthead_c.gif <-- Grapefruit /grapefruit-web.co.uk/htdocs/clients/hivehoneyshop/images hive_masthead_c.gif
2004.03.07 23:05 B E:\Data\Jules\Web\www hivehoneyshop\Website\images\hive_masthead_d.gif <-- Grapefruit /grapefruit-web.co.uk/htdocs/clients/hivehoneyshop/images hive_masthead_d.gif
2004.03.07 23:05 B E:\Data\Jules\Web\www hivehoneyshop\Website\images\hive_masthead_e.gif <-- Grapefruit /grapefruit-web.co.uk/htdocs/clients/hivehoneyshop/images hive_masthead_e.gif
2004.03.07 23:05 B E:\Data\Jules\Web\www hivehoneyshop\Website\images\hive_masthead_f.gif <-- Grapefruit /grapefruit-web.co.uk/htdocs/clients/hivehoneyshop/images hive_masthead_f.gif
2004.03.07 23:05 B E:\Data\Jules\Web\www hivehoneyshop\Website\images\hive_masthead_g.gif <-- Grapefruit /grapefruit-web.co.uk/htdocs/clients/hivehoneyshop/images hive_masthead_g.gif
2004.03.07 23:06 B E:\Data\Jules\Web\www hivehoneyshop\Website\images\hive_masthead_h.gif <-- Grapefruit /grapefruit-web.co.uk/htdocs/clients/hivehoneyshop/images hive_masthead_h.gif
2004.03.07 23:06 B E:\Data\Jules\Web\www hivehoneyshop\Website\images\hive_masthead_i.gif <-- Grapefruit /grapefruit-web.co.uk/htdocs/clients/hivehoneyshop/images hive_masthead_i.gif
2004.03.07 23:06 B E:\Data\Jules\Web\www hivehoneyshop\Website\images\hive_shopfront2_a.jpg <-- Grapefruit /grapefruit-web.co.uk/htdocs/clients/hivehoneyshop/images hive_shopfront2_a.jpg
2004.03.07 23:06 B E:\Data\Jules\Web\www hivehoneyshop\Website\images\hive_shopfront2_b.jpg <-- Grapefruit /grapefruit-web.co.uk/htdocs/clients/hivehoneyshop/images hive_shopfront2_b.jpg
2004.03.07 23:06 B E:\Data\Jules\Web\www hivehoneyshop\Website\images\hive_shopfront2_c.jpg <-- Grapefruit /grapefruit-web.co.uk/htdocs/clients/hivehoneyshop/images hive_shopfront2_c.jpg
2004.03.07 23:06 B E:\Data\Jules\Web\www hivehoneyshop\Website\images\hive_shopfront2_d.jpg <-- Grapefruit /grapefruit-web.co.uk/htdocs/clients/hivehoneyshop/images hive_shopfront2_d.jpg
2004.03.07 23:06 B E:\Data\Jules\Web\www hivehoneyshop\Website\images\hive_shopfront2_e.jpg <-- Grapefruit /grapefruit-web.co.uk/htdocs/clients/hivehoneyshop/images hive_shopfront2_e.jpg
2004.03.07 23:06 B E:\Data\Jules\Web\www hivehoneyshop\Website\images\hive_shopfront2_f.jpg <-- Grapefruit /grapefruit-web.co.uk/htdocs/clients/hivehoneyshop/images hive_shopfront2_f.jpg
2004.03.07 23:06 B E:\Data\Jules\Web\www hivehoneyshop\Website\images\hive_shopfront2_g.jpg <-- Grapefruit /grapefruit-web.co.uk/htdocs/clients/hivehoneyshop/images hive_shopfront2_g.jpg
2004.03.07 23:06 B E:\Data\Jules\Web\www hivehoneyshop\Website\images\hive_shopfront2_h.jpg <-- Grapefruit /grapefruit-web.co.uk/htdocs/clients/hivehoneyshop/images hive_shopfront2_h.jpg
2004.03.07 23:06 B E:\Data\Jules\Web\www hivehoneyshop\Website\images\hive_shopfront2_i.jpg <-- Grapefruit /grapefruit-web.co.uk/htdocs/clients/hivehoneyshop/images hive_shopfront2_i.jpg
2004.03.07 23:06 B E:\Data\Jules\Web\www hivehoneyshop\Website\images\hive_shopfront3_a.jpg <-- Grapefruit /grapefruit-web.co.uk/htdocs/clients/hivehoneyshop/images hive_shopfront3_a.jpg
2004.03.07 23:06 B E:\Data\Jules\Web\www hivehoneyshop\Website\images\hive_shopfront3_b.jpg <-- Grapefruit /grapefruit-web.co.uk/htdocs/clients/hivehoneyshop/images hive_shopfront3_b.jpg
2004.03.07 23:06 B E:\Data\Jules\Web\www hivehoneyshop\Website\images\hive_shopfront3_c.jpg <-- Grapefruit /grapefruit-web.co.uk/htdocs/clients/hivehoneyshop/images hive_shopfront3_c.jpg
2004.03.07 23:06 B E:\Data\Jules\Web\www hivehoneyshop\Website\images\hive_shopfront3_d.jpg <-- Grapefruit /grapefruit-web.co.uk/htdocs/clients/hivehoneyshop/images hive_shopfront3_d.jpg
2004.03.07 23:06 B E:\Data\Jules\Web\www hivehoneyshop\Website\images\hive_shopfront3_e.jpg <-- Grapefruit /grapefruit-web.co.uk/htdocs/clients/hivehoneyshop/images hive_shopfront3_e.jpg
2004.03.07 23:06 B E:\Data\Jules\Web\www hivehoneyshop\Website\images\hive_shopfront3_f.jpg <-- Grapefruit /grapefruit-web.co.uk/htdocs/clients/hivehoneyshop/images hive_shopfront3_f.jpg
2004.03.07 23:06 B E:\Data\Jules\Web\www hivehoneyshop\Website\images\hive_shopfront3_g.jpg <-- Grapefruit /grapefruit-web.co.uk/htdocs/clients/hivehoneyshop/images hive_shopfront3_g.jpg
2004.03.07 23:06 B E:\Data\Jules\Web\www hivehoneyshop\Website\images\hive_shopfront3_h.jpg <-- Grapefruit /grapefruit-web.co.uk/htdocs/clients/hivehoneyshop/images hive_shopfront3_h.jpg
2004.03.07 23:06 B E:\Data\Jules\Web\www hivehoneyshop\Website\images\hive_shopfront3_i.jpg <-- Grapefruit /grapefruit-web.co.uk/htdocs/clients/hivehoneyshop/images hive_shopfront3_i.jpg
2004.03.07 23:06 B E:\Data\Jules\Web\www hivehoneyshop\Website\images\hive_shopfront3_j.jpg <-- Grapefruit /grapefruit-web.co.uk/htdocs/clients/hivehoneyshop/images hive_shopfront3_j.jpg
2004.03.07 23:06 B E:\Data\Jules\Web\www hivehoneyshop\Website\images\hive_shopfront3_k.jpg <-- Grapefruit /grapefruit-web.co.uk/htdocs/clients/hivehoneyshop/images hive_shopfront3_k.jpg
2004.03.07 23:06 B E:\Data\Jules\Web\www hivehoneyshop\Website\images\hive_shopfront3_l.jpg <-- Grapefruit /grapefruit-web.co.uk/htdocs/clients/hivehoneyshop/images hive_shopfront3_l.jpg
2004.03.07 23:06 B E:\Data\Jules\Web\www hivehoneyshop\Website\images\hive_shopfront3_m.jpg <-- Grapefruit /grapefruit-web.co.uk/htdocs/clients/hivehoneyshop/images hive_shopfront3_m.jpg
2004.03.07 23:06 B E:\Data\Jules\Web\www hivehoneyshop\Website\images\hive_shopfront3_n.jpg <-- Grapefruit /grapefruit-web.co.uk/htdocs/clients/hivehoneyshop/images hive_shopfront3_n.jpg
2004.03.07 23:06 B E:\Data\Jules\Web\www hivehoneyshop\Website\images\hive_shopfront3_o.jpg <-- Grapefruit /grapefruit-web.co.uk/htdocs/clients/hivehoneyshop/images hive_shopfront3_o.jpg
2004.03.07 23:06 B E:\Data\Jules\Web\www hivehoneyshop\Website\images\hive_shopfront3_p.jpg <-- Grapefruit /grapefruit-web.co.uk/htdocs/clients/hivehoneyshop/images hive_shopfront3_p.jpg
2004.03.07 23:06 B E:\Data\Jules\Web\www hivehoneyshop\Website\images\hive_shopfront3_q.jpg <-- Grapefruit /grapefruit-web.co.uk/htdocs/clients/hivehoneyshop/images hive_shopfront3_q.jpg
2004.03.07 23:06 B E:\Data\Jules\Web\www hivehoneyshop\Website\images\hivelogo.gif <-- Grapefruit /grapefruit-web.co.uk/htdocs/clients/hivehoneyshop/images hivelogo.gif
2004.03.07 23:06 B E:\Data\Jules\Web\www hivehoneyshop\Website\images\hivemasthead.gif <-- Grapefruit /grapefruit-web.co.uk/htdocs/clients/hivehoneyshop/images hivemasthead.gif
2004.03.07 23:06 B E:\Data\Jules\Web\www hivehoneyshop\Website\images\hivemasthead_a.gif <-- Grapefruit /grapefruit-web.co.uk/htdocs/clients/hivehoneyshop/images hivemasthead_a.gif
2004.03.07 23:06 B E:\Data\Jules\Web\www hivehoneyshop\Website\images\hivemasthead_b.gif <-- Grapefruit /grapefruit-web.co.uk/htdocs/clients/hivehoneyshop/images hivemasthead_b.gif
2004.03.07 23:06 B E:\Data\Jules\Web\www hivehoneyshop\Website\images\hivemasthead_c.gif <-- Grapefruit /grapefruit-web.co.uk/htdocs/clients/hivehoneyshop/images hivemasthead_c.gif
2004.03.07 23:06 B E:\Data\Jules\Web\www hivehoneyshop\Website\images\hivemasthead_d.gif <-- Grapefruit /grapefruit-web.co.uk/htdocs/clients/hivehoneyshop/images hivemasthead_d.gif
2004.03.07 23:06 B E:\Data\Jules\Web\www hivehoneyshop\Website\images\honeys_a.jpg <-- Grapefruit /grapefruit-web.co.uk/htdocs/clients/hivehoneyshop/images honeys_a.jpg
2004.03.07 23:06 B E:\Data\Jules\Web\www hivehoneyshop\Website\images\honeys_b.jpg <-- Grapefruit /grapefruit-web.co.uk/htdocs/clients/hivehoneyshop/images honeys_b.jpg
2004.03.07 23:06 B E:\Data\Jules\Web\www hivehoneyshop\Website\images\honeys_c.jpg <-- Grapefruit /grapefruit-web.co.uk/htdocs/clients/hivehoneyshop/images honeys_c.jpg
2004.03.07 23:06 B E:\Data\Jules\Web\www hivehoneyshop\Website\images\honeys_d.jpg <-- Grapefruit /grapefruit-web.co.uk/htdocs/clients/hivehoneyshop/images honeys_d.jpg
2004.03.07 23:06 B E:\Data\Jules\Web\www hivehoneyshop\Website\images\honeys_e.jpg <-- Grapefruit /grapefruit-web.co.uk/htdocs/clients/hivehoneyshop/images honeys_e.jpg
2004.03.07 23:06 B E:\Data\Jules\Web\www hivehoneyshop\Website\images\honeys_f.jpg <-- Grapefruit /grapefruit-web.co.uk/htdocs/clients/hivehoneyshop/images honeys_f.jpg
2004.03.07 23:06 B E:\Data\Jules\Web\www hivehoneyshop\Website\images\honeys_g.jpg <-- Grapefruit /grapefruit-web.co.uk/htdocs/clients/hivehoneyshop/images honeys_g.jpg
2004.03.07 23:06 B E:\Data\Jules\Web\www hivehoneyshop\Website\images\honeys_h.jpg <-- Grapefruit /grapefruit-web.co.uk/htdocs/clients/hivehoneyshop/images honeys_h.jpg
2004.03.07 23:06 B E:\Data\Jules\Web\www hivehoneyshop\Website\images\honeys_i.jpg <-- Grapefruit /grapefruit-web.co.uk/htdocs/clients/hivehoneyshop/images honeys_i.jpg
2004.03.07 23:06 B E:\Data\Jules\Web\www hivehoneyshop\Website\images\inside1.jpg <-- Grapefruit /grapefruit-web.co.uk/htdocs/clients/hivehoneyshop/images inside1.jpg
2004.03.07 23:06 B E:\Data\Jules\Web\www hivehoneyshop\Website\images\inside2.jpg <-- Grapefruit /grapefruit-web.co.uk/htdocs/clients/hivehoneyshop/images inside2.jpg
2004.03.07 23:06 B E:\Data\Jules\Web\www hivehoneyshop\Website\images\more_gifts_a.jpg <-- Grapefruit /grapefruit-web.co.uk/htdocs/clients/hivehoneyshop/images more_gifts_a.jpg
2004.03.07 23:06 B E:\Data\Jules\Web\www hivehoneyshop\Website\images\more_gifts_b.jpg <-- Grapefruit /grapefruit-web.co.uk/htdocs/clients/hivehoneyshop/images more_gifts_b.jpg
2004.03.07 23:06 B E:\Data\Jules\Web\www hivehoneyshop\Website\images\more_gifts_c.jpg <-- Grapefruit /grapefruit-web.co.uk/htdocs/clients/hivehoneyshop/images more_gifts_c.jpg
2004.03.07 23:06 B E:\Data\Jules\Web\www hivehoneyshop\Website\images\more_gifts_d.jpg <-- Grapefruit /grapefruit-web.co.uk/htdocs/clients/hivehoneyshop/images more_gifts_d.jpg
2004.03.07 23:06 B E:\Data\Jules\Web\www hivehoneyshop\Website\images\more_gifts_e.jpg <-- Grapefruit /grapefruit-web.co.uk/htdocs/clients/hivehoneyshop/images more_gifts_e.jpg
2004.03.07 23:06 B E:\Data\Jules\Web\www hivehoneyshop\Website\images\more_gifts_f.jpg <-- Grapefruit /grapefruit-web.co.uk/htdocs/clients/hivehoneyshop/images more_gifts_f.jpg
2004.03.07 23:06 B E:\Data\Jules\Web\www hivehoneyshop\Website\images\more_gifts_g.jpg <-- Grapefruit /grapefruit-web.co.uk/htdocs/clients/hivehoneyshop/images more_gifts_g.jpg
2004.03.07 23:06 B E:\Data\Jules\Web\www hivehoneyshop\Website\images\more_gifts_h.jpg <-- Grapefruit /grapefruit-web.co.uk/htdocs/clients/hivehoneyshop/images more_gifts_h.jpg
2004.03.07 23:06 B E:\Data\Jules\Web\www hivehoneyshop\Website\images\more_gifts_i.jpg <-- Grapefruit /grapefruit-web.co.uk/htdocs/clients/hivehoneyshop/images more_gifts_i.jpg
2004.03.07 23:06 B E:\Data\Jules\Web\www hivehoneyshop\Website\images\more_gifts_j.jpg <-- Grapefruit /grapefruit-web.co.uk/htdocs/clients/hivehoneyshop/images more_gifts_j.jpg
2004.03.07 23:06 B E:\Data\Jules\Web\www hivehoneyshop\Website\images\more_gifts_k.jpg <-- Grapefruit /grapefruit-web.co.uk/htdocs/clients/hivehoneyshop/images more_gifts_k.jpg
2004.03.07 23:06 B E:\Data\Jules\Web\www hivehoneyshop\Website\images\more_gifts_l.jpg <-- Grapefruit /grapefruit-web.co.uk/htdocs/clients/hivehoneyshop/images more_gifts_l.jpg
2004.03.07 23:06 B E:\Data\Jules\Web\www hivehoneyshop\Website\images\more_gifts_m.jpg <-- Grapefruit /grapefruit-web.co.uk/htdocs/clients/hivehoneyshop/images more_gifts_m.jpg
2004.03.07 23:06 B E:\Data\Jules\Web\www hivehoneyshop\Website\images\ourprep1_a.jpg <-- Grapefruit /grapefruit-web.co.uk/htdocs/clients/hivehoneyshop/images ourprep1_a.jpg
2004.03.07 23:06 B E:\Data\Jules\Web\www hivehoneyshop\Website\images\ourprep1_b.jpg <-- Grapefruit /grapefruit-web.co.uk/htdocs/clients/hivehoneyshop/images ourprep1_b.jpg
2004.03.07 23:06 B E:\Data\Jules\Web\www hivehoneyshop\Website\images\ourprep1_c.jpg <-- Grapefruit /grapefruit-web.co.uk/htdocs/clients/hivehoneyshop/images ourprep1_c.jpg
2004.03.07 23:06 B E:\Data\Jules\Web\www hivehoneyshop\Website\images\ourprep1_d.jpg <-- Grapefruit /grapefruit-web.co.uk/htdocs/clients/hivehoneyshop/images ourprep1_d.jpg
2004.03.07 23:06 B E:\Data\Jules\Web\www hivehoneyshop\Website\images\ourprep2_a.jpg <-- Grapefruit /grapefruit-web.co.uk/htdocs/clients/hivehoneyshop/images ourprep2_a.jpg
2004.03.07 23:06 B E:\Data\Jules\Web\www hivehoneyshop\Website\images\ourprep2_b.jpg <-- Grapefruit /grapefruit-web.co.uk/htdocs/clients/hivehoneyshop/images ourprep2_b.jpg
2004.03.07 23:06 B E:\Data\Jules\Web\www hivehoneyshop\Website\images\ourprep2_c.jpg <-- Grapefruit /grapefruit-web.co.uk/htdocs/clients/hivehoneyshop/images ourprep2_c.jpg
2004.03.07 23:07 B E:\Data\Jules\Web\www hivehoneyshop\Website\images\ourprep3.jpg <-- Grapefruit /grapefruit-web.co.uk/htdocs/clients/hivehoneyshop/images ourprep3.jpg
2004.03.07 23:07 B E:\Data\Jules\Web\www hivehoneyshop\Website\images\silverpot_a.jpg <-- Grapefruit /grapefruit-web.co.uk/htdocs/clients/hivehoneyshop/images silverpot_a.jpg
2004.03.07 23:07 B E:\Data\Jules\Web\www hivehoneyshop\Website\images\silverpot_b.jpg <-- Grapefruit /grapefruit-web.co.uk/htdocs/clients/hivehoneyshop/images silverpot_b.jpg
2004.03.07 23:07 B E:\Data\Jules\Web\www hivehoneyshop\Website\images\silverpot_c.jpg <-- Grapefruit /grapefruit-web.co.uk/htdocs/clients/hivehoneyshop/images silverpot_c.jpg
2004.03.07 23:07 B E:\Data\Jules\Web\www hivehoneyshop\Website\images\silverpot_d.jpg <-- Grapefruit /grapefruit-web.co.uk/htdocs/clients/hivehoneyshop/images silverpot_d.jpg
2004.03.07 23:07 B E:\Data\Jules\Web\www hivehoneyshop\Website\images\silverpot_e.jpg <-- Grapefruit /grapefruit-web.co.uk/htdocs/clients/hivehoneyshop/images silverpot_e.jpg
2004.03.07 23:07 B E:\Data\Jules\Web\www hivehoneyshop\Website\images\spacer.gif <-- Grapefruit /grapefruit-web.co.uk/htdocs/clients/hivehoneyshop/images spacer.gif
2004.03.07 23:07 B E:\Data\Jules\Web\www hivehoneyshop\Website\images\viewbasket.gif <-- Grapefruit /grapefruit-web.co.uk/htdocs/clients/hivehoneyshop/images viewbasket.gif
2004.03.25 21:22 B E:\Data\Jules\Web\www hivehoneyshop\Website\images\2bees.gif --> ftp.thehivehoneyshop.co.uk /thehivehoneyshop.co.uk/htdocs/images 2bees.gif
2004.03.25 21:22 B E:\Data\Jules\Web\www hivehoneyshop\Website\images\bee1.gif --> ftp.thehivehoneyshop.co.uk /thehivehoneyshop.co.uk/htdocs/images bee1.gif
2004.03.25 21:22 B E:\Data\Jules\Web\www hivehoneyshop\Website\images\bee2.gif --> ftp.thehivehoneyshop.co.uk /thehivehoneyshop.co.uk/htdocs/images bee2.gif
2004.03.25 21:22 B E:\Data\Jules\Web\www hivehoneyshop\Website\images\bee3.gif --> ftp.thehivehoneyshop.co.uk /thehivehoneyshop.co.uk/htdocs/images bee3.gif
2004.03.25 21:22 B E:\Data\Jules\Web\www hivehoneyshop\Website\images\bee4.gif --> ftp.thehivehoneyshop.co.uk /thehivehoneyshop.co.uk/htdocs/images bee4.gif
2004.03.25 21:23 B E:\Data\Jules\Web\www hivehoneyshop\Website\images\bee5.gif --> ftp.thehivehoneyshop.co.uk /thehivehoneyshop.co.uk/htdocs/images bee5.gif
2004.03.25 21:23 B E:\Data\Jules\Web\www hivehoneyshop\Website\images\bee6.gif --> ftp.thehivehoneyshop.co.uk /thehivehoneyshop.co.uk/htdocs/images bee6.gif
2004.03.25 21:23 B E:\Data\Jules\Web\www hivehoneyshop\Website\images\bee7.gif --> ftp.thehivehoneyshop.co.uk /thehivehoneyshop.co.uk/htdocs/images bee7.gif
2004.03.25 21:23 B E:\Data\Jules\Web\www hivehoneyshop\Website\images\beebutton.gif --> ftp.thehivehoneyshop.co.uk /thehivehoneyshop.co.uk/htdocs/images beebutton.gif
2004.03.25 21:23 B E:\Data\Jules\Web\www hivehoneyshop\Website\images\candles_a.jpg --> ftp.thehivehoneyshop.co.uk /thehivehoneyshop.co.uk/htdocs/images candles_a.jpg
2004.03.25 21:23 B E:\Data\Jules\Web\www hivehoneyshop\Website\images\candles_b.jpg --> ftp.thehivehoneyshop.co.uk /thehivehoneyshop.co.uk/htdocs/images candles_b.jpg
2004.03.25 21:24 B E:\Data\Jules\Web\www hivehoneyshop\Website\images\candles_c.jpg --> ftp.thehivehoneyshop.co.uk /thehivehoneyshop.co.uk/htdocs/images candles_c.jpg
2004.03.25 21:24 B E:\Data\Jules\Web\www hivehoneyshop\Website\images\candles_f.jpg --> ftp.thehivehoneyshop.co.uk /thehivehoneyshop.co.uk/htdocs/images candles_f.jpg
2004.03.25 21:24 B E:\Data\Jules\Web\www hivehoneyshop\Website\images\candles_g.jpg --> ftp.thehivehoneyshop.co.uk /thehivehoneyshop.co.uk/htdocs/images candles_g.jpg
2004.03.25 21:24 B E:\Data\Jules\Web\www hivehoneyshop\Website\images\candles_h.jpg --> ftp.thehivehoneyshop.co.uk /thehivehoneyshop.co.uk/htdocs/images candles_h.jpg
2004.03.25 21:24 B E:\Data\Jules\Web\www hivehoneyshop\Website\images\candles_k.jpg --> ftp.thehivehoneyshop.co.uk /thehivehoneyshop.co.uk/htdocs/images candles_k.jpg
2004.03.25 21:25 B E:\Data\Jules\Web\www hivehoneyshop\Website\images\candles_l.jpg --> ftp.thehivehoneyshop.co.uk /thehivehoneyshop.co.uk/htdocs/images candles_l.jpg
2004.03.25 21:25 B E:\Data\Jules\Web\www hivehoneyshop\Website\images\candles_m.jpg --> ftp.thehivehoneyshop.co.uk /thehivehoneyshop.co.uk/htdocs/images candles_m.jpg
2004.03.25 21:25 B E:\Data\Jules\Web\www hivehoneyshop\Website\images\candles_p.jpg --> ftp.thehivehoneyshop.co.uk /thehivehoneyshop.co.uk/htdocs/images candles_p.jpg
2004.03.25 21:26 B E:\Data\Jules\Web\www hivehoneyshop\Website\images\candles_q.jpg --> ftp.thehivehoneyshop.co.uk /thehivehoneyshop.co.uk/htdocs/images candles_q.jpg
2004.03.25 21:26 B E:\Data\Jules\Web\www hivehoneyshop\Website\images\candles_r.jpg --> ftp.thehivehoneyshop.co.uk /thehivehoneyshop.co.uk/htdocs/images candles_r.jpg
2004.03.25 21:26 B E:\Data\Jules\Web\www hivehoneyshop\Website\images\candles_u.jpg --> ftp.thehivehoneyshop.co.uk /thehivehoneyshop.co.uk/htdocs/images candles_u.jpg
2004.03.25 21:26 B E:\Data\Jules\Web\www hivehoneyshop\Website\images\candles_v.jpg --> ftp.thehivehoneyshop.co.uk /thehivehoneyshop.co.uk/htdocs/images candles_v.jpg
2004.03.25 21:26 B E:\Data\Jules\Web\www hivehoneyshop\Website\images\candles_w.jpg --> ftp.thehivehoneyshop.co.uk /thehivehoneyshop.co.uk/htdocs/images candles_w.jpg
2004.03.25 21:27 B E:\Data\Jules\Web\www hivehoneyshop\Website\images\cosmetics_a.jpg --> ftp.thehivehoneyshop.co.uk /thehivehoneyshop.co.uk/htdocs/images cosmetics_a.jpg
2004.03.25 21:27 B E:\Data\Jules\Web\www hivehoneyshop\Website\images\cosmetics_b.jpg --> ftp.thehivehoneyshop.co.uk /thehivehoneyshop.co.uk/htdocs/images cosmetics_b.jpg
2004.03.25 21:27 B E:\Data\Jules\Web\www hivehoneyshop\Website\images\cosmetics_c.jpg --> ftp.thehivehoneyshop.co.uk /thehivehoneyshop.co.uk/htdocs/images cosmetics_c.jpg
2004.03.25 21:28 B E:\Data\Jules\Web\www hivehoneyshop\Website\images\cosmetics_d.jpg --> ftp.thehivehoneyshop.co.uk /thehivehoneyshop.co.uk/htdocs/images cosmetics_d.jpg
2004.03.25 21:28 B E:\Data\Jules\Web\www hivehoneyshop\Website\images\cosmetics_e.jpg --> ftp.thehivehoneyshop.co.uk /thehivehoneyshop.co.uk/htdocs/images cosmetics_e.jpg
2004.03.25 21:28 B E:\Data\Jules\Web\www hivehoneyshop\Website\images\cosmetics_f.jpg --> ftp.thehivehoneyshop.co.uk /thehivehoneyshop.co.uk/htdocs/images cosmetics_f.jpg
2004.03.25 21:28 B E:\Data\Jules\Web\www hivehoneyshop\Website\images\cosmetics_g.jpg --> ftp.thehivehoneyshop.co.uk /thehivehoneyshop.co.uk/htdocs/images cosmetics_g.jpg
2004.03.25 21:28 B E:\Data\Jules\Web\www hivehoneyshop\Website\images\cosmetics_h.jpg --> ftp.thehivehoneyshop.co.uk /thehivehoneyshop.co.uk/htdocs/images cosmetics_h.jpg
2004.03.25 21:28 B E:\Data\Jules\Web\www hivehoneyshop\Website\images\cosmetics_i.jpg --> ftp.thehivehoneyshop.co.uk /thehivehoneyshop.co.uk/htdocs/images cosmetics_i.jpg
2004.03.25 21:28 B E:\Data\Jules\Web\www hivehoneyshop\Website\images\creditcards.gif --> ftp.thehivehoneyshop.co.uk /thehivehoneyshop.co.uk/htdocs/images creditcards.gif
2004.03.25 21:28 B E:\Data\Jules\Web\www hivehoneyshop\Website\images\delight_a.jpg --> ftp.thehivehoneyshop.co.uk /thehivehoneyshop.co.uk/htdocs/images delight_a.jpg
2004.03.25 21:28 B E:\Data\Jules\Web\www hivehoneyshop\Website\images\delight_b.jpg --> ftp.thehivehoneyshop.co.uk /thehivehoneyshop.co.uk/htdocs/images delight_b.jpg
2004.03.25 21:28 B E:\Data\Jules\Web\www hivehoneyshop\Website\images\delight_c.jpg --> ftp.thehivehoneyshop.co.uk /thehivehoneyshop.co.uk/htdocs/images delight_c.jpg
2004.03.25 21:28 B E:\Data\Jules\Web\www hivehoneyshop\Website\images\delight_d.jpg --> ftp.thehivehoneyshop.co.uk /thehivehoneyshop.co.uk/htdocs/images delight_d.jpg
2004.03.25 21:28 B E:\Data\Jules\Web\www hivehoneyshop\Website\images\delight_e.jpg --> ftp.thehivehoneyshop.co.uk /thehivehoneyshop.co.uk/htdocs/images delight_e.jpg
2004.03.25 21:28 B E:\Data\Jules\Web\www hivehoneyshop\Website\images\delight_f.jpg --> ftp.thehivehoneyshop.co.uk /thehivehoneyshop.co.uk/htdocs/images delight_f.jpg
2004.03.25 21:28 B E:\Data\Jules\Web\www hivehoneyshop\Website\images\delight_g.jpg --> ftp.thehivehoneyshop.co.uk /thehivehoneyshop.co.uk/htdocs/images delight_g.jpg
2004.03.25 21:29 B E:\Data\Jules\Web\www hivehoneyshop\Website\images\delight_h.jpg --> ftp.thehivehoneyshop.co.uk /thehivehoneyshop.co.uk/htdocs/images delight_h.jpg
2004.03.25 21:29 B E:\Data\Jules\Web\www hivehoneyshop\Website\images\delight_i.jpg --> ftp.thehivehoneyshop.co.uk /thehivehoneyshop.co.uk/htdocs/images delight_i.jpg
2004.03.25 21:29 B E:\Data\Jules\Web\www hivehoneyshop\Website\images\fwmenu1_172x17_over.gif --> ftp.thehivehoneyshop.co.uk /thehivehoneyshop.co.uk/htdocs/images fwmenu1_172x17_over.gif
2004.03.25 21:29 B E:\Data\Jules\Web\www hivehoneyshop\Website\images\fwmenu1_172x17_up.gif --> ftp.thehivehoneyshop.co.uk /thehivehoneyshop.co.uk/htdocs/images fwmenu1_172x17_up.gif
2004.03.25 21:29 B E:\Data\Jules\Web\www hivehoneyshop\Website\images\gifts_a.jpg --> ftp.thehivehoneyshop.co.uk /thehivehoneyshop.co.uk/htdocs/images gifts_a.jpg
2004.03.25 21:29 B E:\Data\Jules\Web\www hivehoneyshop\Website\images\gifts_b.jpg --> ftp.thehivehoneyshop.co.uk /thehivehoneyshop.co.uk/htdocs/images gifts_b.jpg
2004.03.25 21:29 B E:\Data\Jules\Web\www hivehoneyshop\Website\images\gifts_c.jpg --> ftp.thehivehoneyshop.co.uk /thehivehoneyshop.co.uk/htdocs/images gifts_c.jpg
2004.03.25 21:29 B E:\Data\Jules\Web\www hivehoneyshop\Website\images\gifts_d.jpg --> ftp.thehivehoneyshop.co.uk /thehivehoneyshop.co.uk/htdocs/images gifts_d.jpg
2004.03.25 21:29 B E:\Data\Jules\Web\www hivehoneyshop\Website\images\gifts_e.jpg --> ftp.thehivehoneyshop.co.uk /thehivehoneyshop.co.uk/htdocs/images gifts_e.jpg
2004.03.25 21:29 B E:\Data\Jules\Web\www hivehoneyshop\Website\images\gifts_f.jpg --> ftp.thehivehoneyshop.co.uk /thehivehoneyshop.co.uk/htdocs/images gifts_f.jpg
2004.03.25 21:29 B E:\Data\Jules\Web\www hivehoneyshop\Website\images\gifts_g.jpg --> ftp.thehivehoneyshop.co.uk /thehivehoneyshop.co.uk/htdocs/images gifts_g.jpg
2004.03.25 21:29 B E:\Data\Jules\Web\www hivehoneyshop\Website\images\gifts_h.jpg --> ftp.thehivehoneyshop.co.uk /thehivehoneyshop.co.uk/htdocs/images gifts_h.jpg
2004.03.25 21:29 B E:\Data\Jules\Web\www hivehoneyshop\Website\images\gifts_i.jpg --> ftp.thehivehoneyshop.co.uk /thehivehoneyshop.co.uk/htdocs/images gifts_i.jpg
2004.03.25 21:29 B E:\Data\Jules\Web\www hivehoneyshop\Website\images\gifts_j.jpg --> ftp.thehivehoneyshop.co.uk /thehivehoneyshop.co.uk/htdocs/images gifts_j.jpg
2004.03.25 21:29 B E:\Data\Jules\Web\www hivehoneyshop\Website\images\gifts_k.jpg --> ftp.thehivehoneyshop.co.uk /thehivehoneyshop.co.uk/htdocs/images gifts_k.jpg
2004.03.25 21:29 B E:\Data\Jules\Web\www hivehoneyshop\Website\images\gifts_l.jpg --> ftp.thehivehoneyshop.co.uk /thehivehoneyshop.co.uk/htdocs/images gifts_l.jpg
2004.03.25 21:29 B E:\Data\Jules\Web\www hivehoneyshop\Website\images\gifts_m.jpg --> ftp.thehivehoneyshop.co.uk /thehivehoneyshop.co.uk/htdocs/images gifts_m.jpg
2004.03.25 21:29 B E:\Data\Jules\Web\www hivehoneyshop\Website\images\health_a.jpg --> ftp.thehivehoneyshop.co.uk /thehivehoneyshop.co.uk/htdocs/images health_a.jpg
2004.03.25 21:29 B E:\Data\Jules\Web\www hivehoneyshop\Website\images\health_b.jpg --> ftp.thehivehoneyshop.co.uk /thehivehoneyshop.co.uk/htdocs/images health_b.jpg
2004.03.25 21:29 B E:\Data\Jules\Web\www hivehoneyshop\Website\images\health_c.jpg --> ftp.thehivehoneyshop.co.uk /thehivehoneyshop.co.uk/htdocs/images health_c.jpg
2004.03.25 21:29 B E:\Data\Jules\Web\www hivehoneyshop\Website\images\health_d.jpg --> ftp.thehivehoneyshop.co.uk /thehivehoneyshop.co.uk/htdocs/images health_d.jpg
2004.03.25 21:29 B E:\Data\Jules\Web\www hivehoneyshop\Website\images\health_e.jpg --> ftp.thehivehoneyshop.co.uk /thehivehoneyshop.co.uk/htdocs/images health_e.jpg
2004.03.25 21:29 B E:\Data\Jules\Web\www hivehoneyshop\Website\images\health_f.jpg --> ftp.thehivehoneyshop.co.uk /thehivehoneyshop.co.uk/htdocs/images health_f.jpg
2004.03.25 21:30 B E:\Data\Jules\Web\www hivehoneyshop\Website\images\health_g.jpg --> ftp.thehivehoneyshop.co.uk /thehivehoneyshop.co.uk/htdocs/images health_g.jpg
2004.03.25 21:30 B E:\Data\Jules\Web\www hivehoneyshop\Website\images\health_h.jpg --> ftp.thehivehoneyshop.co.uk /thehivehoneyshop.co.uk/htdocs/images health_h.jpg
2004.03.25 21:30 B E:\Data\Jules\Web\www hivehoneyshop\Website\images\health_i.jpg --> ftp.thehivehoneyshop.co.uk /thehivehoneyshop.co.uk/htdocs/images health_i.jpg
2004.03.25 21:30 B E:\Data\Jules\Web\www hivehoneyshop\Website\images\history2_a.jpg --> ftp.thehivehoneyshop.co.uk /thehivehoneyshop.co.uk/htdocs/images history2_a.jpg
2004.03.25 21:30 B E:\Data\Jules\Web\www hivehoneyshop\Website\images\history2_b.jpg --> ftp.thehivehoneyshop.co.uk /thehivehoneyshop.co.uk/htdocs/images history2_b.jpg
2004.03.25 21:30 B E:\Data\Jules\Web\www hivehoneyshop\Website\images\history2_c.jpg --> ftp.thehivehoneyshop.co.uk /thehivehoneyshop.co.uk/htdocs/images history2_c.jpg
2004.03.25 21:30 B E:\Data\Jules\Web\www hivehoneyshop\Website\images\history2_d.jpg --> ftp.thehivehoneyshop.co.uk /thehivehoneyshop.co.uk/htdocs/images history2_d.jpg
2004.03.25 21:30 B E:\Data\Jules\Web\www hivehoneyshop\Website\images\hive_history1_a.jpg --> ftp.thehivehoneyshop.co.uk /thehivehoneyshop.co.uk/htdocs/images hive_history1_a.jpg
2004.03.25 21:30 B E:\Data\Jules\Web\www hivehoneyshop\Website\images\hive_history1_b.jpg --> ftp.thehivehoneyshop.co.uk /thehivehoneyshop.co.uk/htdocs/images hive_history1_b.jpg
2004.03.25 21:30 B E:\Data\Jules\Web\www hivehoneyshop\Website\images\hive_history1_c.jpg --> ftp.thehivehoneyshop.co.uk /thehivehoneyshop.co.uk/htdocs/images hive_history1_c.jpg
2004.03.25 21:30 B E:\Data\Jules\Web\www hivehoneyshop\Website\images\hive_history1_d.jpg --> ftp.thehivehoneyshop.co.uk /thehivehoneyshop.co.uk/htdocs/images hive_history1_d.jpg
2004.03.25 21:30 B E:\Data\Jules\Web\www hivehoneyshop\Website\images\hive_map.gif --> ftp.thehivehoneyshop.co.uk /thehivehoneyshop.co.uk/htdocs/images hive_map.gif
2004.03.25 21:30 B E:\Data\Jules\Web\www hivehoneyshop\Website\images\hive_masthead_a.gif --> ftp.thehivehoneyshop.co.uk /thehivehoneyshop.co.uk/htdocs/images hive_masthead_a.gif
2004.03.25 21:30 B E:\Data\Jules\Web\www hivehoneyshop\Website\images\hive_masthead_b.gif --> ftp.thehivehoneyshop.co.uk /thehivehoneyshop.co.uk/htdocs/images hive_masthead_b.gif
2004.03.25 21:30 B E:\Data\Jules\Web\www hivehoneyshop\Website\images\hive_masthead_c.gif --> ftp.thehivehoneyshop.co.uk /thehivehoneyshop.co.uk/htdocs/images hive_masthead_c.gif
2004.03.25 21:30 B E:\Data\Jules\Web\www hivehoneyshop\Website\images\hive_masthead_d.gif --> ftp.thehivehoneyshop.co.uk /thehivehoneyshop.co.uk/htdocs/images hive_masthead_d.gif
2004.03.25 21:31 B E:\Data\Jules\Web\www hivehoneyshop\Website\images\hive_masthead_e.gif --> ftp.thehivehoneyshop.co.uk /thehivehoneyshop.co.uk/htdocs/images hive_masthead_e.gif
2004.03.25 21:31 B E:\Data\Jules\Web\www hivehoneyshop\Website\images\hive_masthead_f.gif --> ftp.thehivehoneyshop.co.uk /thehivehoneyshop.co.uk/htdocs/images hive_masthead_f.gif
2004.03.25 21:31 B E:\Data\Jules\Web\www hivehoneyshop\Website\images\hive_masthead_g.gif --> ftp.thehivehoneyshop.co.uk /thehivehoneyshop.co.uk/htdocs/images hive_masthead_g.gif
2004.03.25 21:31 B E:\Data\Jules\Web\www hivehoneyshop\Website\images\hive_masthead_h.gif --> ftp.thehivehoneyshop.co.uk /thehivehoneyshop.co.uk/htdocs/images hive_masthead_h.gif
2004.03.25 21:31 B E:\Data\Jules\Web\www hivehoneyshop\Website\images\hive_masthead_i.gif --> ftp.thehivehoneyshop.co.uk /thehivehoneyshop.co.uk/htdocs/images hive_masthead_i.gif
2004.03.25 21:31 B E:\Data\Jules\Web\www hivehoneyshop\Website\images\hive_shopfront2_a.jpg --> ftp.thehivehoneyshop.co.uk /thehivehoneyshop.co.uk/htdocs/images hive_shopfront2_a.jpg
2004.03.25 21:31 B E:\Data\Jules\Web\www hivehoneyshop\Website\images\hive_shopfront2_b.jpg --> ftp.thehivehoneyshop.co.uk /thehivehoneyshop.co.uk/htdocs/images hive_shopfront2_b.jpg
2004.03.25 21:31 B E:\Data\Jules\Web\www hivehoneyshop\Website\images\hive_shopfront2_c.jpg --> ftp.thehivehoneyshop.co.uk /thehivehoneyshop.co.uk/htdocs/images hive_shopfront2_c.jpg
2004.03.25 21:31 B E:\Data\Jules\Web\www hivehoneyshop\Website\images\hive_shopfront2_d.jpg --> ftp.thehivehoneyshop.co.uk /thehivehoneyshop.co.uk/htdocs/images hive_shopfront2_d.jpg
2004.03.25 21:31 B E:\Data\Jules\Web\www hivehoneyshop\Website\images\hive_shopfront2_e.jpg --> ftp.thehivehoneyshop.co.uk /thehivehoneyshop.co.uk/htdocs/images hive_shopfront2_e.jpg
2004.03.25 21:31 B E:\Data\Jules\Web\www hivehoneyshop\Website\images\hive_shopfront2_f.jpg --> ftp.thehivehoneyshop.co.uk /thehivehoneyshop.co.uk/htdocs/images hive_shopfront2_f.jpg
2004.03.25 21:31 B E:\Data\Jules\Web\www hivehoneyshop\Website\images\hive_shopfront2_g.jpg --> ftp.thehivehoneyshop.co.uk /thehivehoneyshop.co.uk/htdocs/images hive_shopfront2_g.jpg
2004.03.25 21:31 B E:\Data\Jules\Web\www hivehoneyshop\Website\images\hive_shopfront2_h.jpg --> ftp.thehivehoneyshop.co.uk /thehivehoneyshop.co.uk/htdocs/images hive_shopfront2_h.jpg
2004.03.25 21:31 B E:\Data\Jules\Web\www hivehoneyshop\Website\images\hive_shopfront2_i.jpg --> ftp.thehivehoneyshop.co.uk /thehivehoneyshop.co.uk/htdocs/images hive_shopfront2_i.jpg
2004.03.25 21:31 B E:\Data\Jules\Web\www hivehoneyshop\Website\images\hive_shopfront3_a.jpg --> ftp.thehivehoneyshop.co.uk /thehivehoneyshop.co.uk/htdocs/images hive_shopfront3_a.jpg
2004.03.25 21:31 B E:\Data\Jules\Web\www hivehoneyshop\Website\images\hive_shopfront3_b.jpg --> ftp.thehivehoneyshop.co.uk /thehivehoneyshop.co.uk/htdocs/images hive_shopfront3_b.jpg
2004.03.25 21:31 B E:\Data\Jules\Web\www hivehoneyshop\Website\images\hive_shopfront3_c.jpg --> ftp.thehivehoneyshop.co.uk /thehivehoneyshop.co.uk/htdocs/images hive_shopfront3_c.jpg
2004.03.25 21:31 B E:\Data\Jules\Web\www hivehoneyshop\Website\images\hive_shopfront3_d.jpg --> ftp.thehivehoneyshop.co.uk /thehivehoneyshop.co.uk/htdocs/images hive_shopfront3_d.jpg
2004.03.25 21:31 B E:\Data\Jules\Web\www hivehoneyshop\Website\images\hive_shopfront3_e.jpg --> ftp.thehivehoneyshop.co.uk /thehivehoneyshop.co.uk/htdocs/images hive_shopfront3_e.jpg
2004.03.25 21:31 B E:\Data\Jules\Web\www hivehoneyshop\Website\images\hive_shopfront3_f.jpg --> ftp.thehivehoneyshop.co.uk /thehivehoneyshop.co.uk/htdocs/images hive_shopfront3_f.jpg
2004.03.25 21:31 B E:\Data\Jules\Web\www hivehoneyshop\Website\images\hive_shopfront3_g.jpg --> ftp.thehivehoneyshop.co.uk /thehivehoneyshop.co.uk/htdocs/images hive_shopfront3_g.jpg
2004.03.25 21:31 B E:\Data\Jules\Web\www hivehoneyshop\Website\images\hive_shopfront3_h.jpg --> ftp.thehivehoneyshop.co.uk /thehivehoneyshop.co.uk/htdocs/images hive_shopfront3_h.jpg
2004.03.25 21:32 B E:\Data\Jules\Web\www hivehoneyshop\Website\images\hive_shopfront3_i.jpg --> ftp.thehivehoneyshop.co.uk /thehivehoneyshop.co.uk/htdocs/images hive_shopfront3_i.jpg
2004.03.25 21:32 B E:\Data\Jules\Web\www hivehoneyshop\Website\images\hive_shopfront3_j.jpg --> ftp.thehivehoneyshop.co.uk /thehivehoneyshop.co.uk/htdocs/images hive_shopfront3_j.jpg
2004.03.25 21:32 B E:\Data\Jules\Web\www hivehoneyshop\Website\images\hive_shopfront3_k.jpg --> ftp.thehivehoneyshop.co.uk /thehivehoneyshop.co.uk/htdocs/images hive_shopfront3_k.jpg
2004.03.25 21:32 B E:\Data\Jules\Web\www hivehoneyshop\Website\images\hive_shopfront3_l.jpg --> ftp.thehivehoneyshop.co.uk /thehivehoneyshop.co.uk/htdocs/images hive_shopfront3_l.jpg
2004.03.25 21:32 B E:\Data\Jules\Web\www hivehoneyshop\Website\images\hive_shopfront3_m.jpg --> ftp.thehivehoneyshop.co.uk /thehivehoneyshop.co.uk/htdocs/images hive_shopfront3_m.jpg
2004.03.25 21:32 B E:\Data\Jules\Web\www hivehoneyshop\Website\images\hive_shopfront3_n.jpg --> ftp.thehivehoneyshop.co.uk /thehivehoneyshop.co.uk/htdocs/images hive_shopfront3_n.jpg
2004.03.25 21:32 B E:\Data\Jules\Web\www hivehoneyshop\Website\images\hive_shopfront3_o.jpg --> ftp.thehivehoneyshop.co.uk /thehivehoneyshop.co.uk/htdocs/images hive_shopfront3_o.jpg
2004.03.25 21:32 B E:\Data\Jules\Web\www hivehoneyshop\Website\images\hive_shopfront3_p.jpg --> ftp.thehivehoneyshop.co.uk /thehivehoneyshop.co.uk/htdocs/images hive_shopfront3_p.jpg
2004.03.25 21:32 B E:\Data\Jules\Web\www hivehoneyshop\Website\images\hive_shopfront3_q.jpg --> ftp.thehivehoneyshop.co.uk /thehivehoneyshop.co.uk/htdocs/images hive_shopfront3_q.jpg
2004.03.25 21:32 B E:\Data\Jules\Web\www hivehoneyshop\Website\images\hivelogo.gif --> ftp.thehivehoneyshop.co.uk /thehivehoneyshop.co.uk/htdocs/images hivelogo.gif
2004.03.25 21:32 B E:\Data\Jules\Web\www hivehoneyshop\Website\images\hivemasthead.gif --> ftp.thehivehoneyshop.co.uk /thehivehoneyshop.co.uk/htdocs/images hivemasthead.gif
2004.03.25 21:32 B E:\Data\Jules\Web\www hivehoneyshop\Website\images\hivemasthead_a.gif --> ftp.thehivehoneyshop.co.uk /thehivehoneyshop.co.uk/htdocs/images hivemasthead_a.gif
2004.03.25 21:32 B E:\Data\Jules\Web\www hivehoneyshop\Website\images\hivemasthead_b.gif --> ftp.thehivehoneyshop.co.uk /thehivehoneyshop.co.uk/htdocs/images hivemasthead_b.gif
2004.03.25 21:32 B E:\Data\Jules\Web\www hivehoneyshop\Website\images\hivemasthead_c.gif --> ftp.thehivehoneyshop.co.uk /thehivehoneyshop.co.uk/htdocs/images hivemasthead_c.gif
2004.03.25 21:32 B E:\Data\Jules\Web\www hivehoneyshop\Website\images\hivemasthead_d.gif --> ftp.thehivehoneyshop.co.uk /thehivehoneyshop.co.uk/htdocs/images hivemasthead_d.gif
2004.03.25 21:32 B E:\Data\Jules\Web\www hivehoneyshop\Website\images\honeys_a.jpg --> ftp.thehivehoneyshop.co.uk /thehivehoneyshop.co.uk/htdocs/images honeys_a.jpg
2004.03.25 21:32 B E:\Data\Jules\Web\www hivehoneyshop\Website\images\honeys_b.jpg --> ftp.thehivehoneyshop.co.uk /thehivehoneyshop.co.uk/htdocs/images honeys_b.jpg
2004.03.25 21:32 B E:\Data\Jules\Web\www hivehoneyshop\Website\images\honeys_c.jpg --> ftp.thehivehoneyshop.co.uk /thehivehoneyshop.co.uk/htdocs/images honeys_c.jpg
2004.03.25 21:32 B E:\Data\Jules\Web\www hivehoneyshop\Website\images\honeys_d.jpg --> ftp.thehivehoneyshop.co.uk /thehivehoneyshop.co.uk/htdocs/images honeys_d.jpg
2004.03.25 21:32 B E:\Data\Jules\Web\www hivehoneyshop\Website\images\honeys_e.jpg --> ftp.thehivehoneyshop.co.uk /thehivehoneyshop.co.uk/htdocs/images honeys_e.jpg
2004.03.25 21:33 B E:\Data\Jules\Web\www hivehoneyshop\Website\images\honeys_f.jpg --> ftp.thehivehoneyshop.co.uk /thehivehoneyshop.co.uk/htdocs/images honeys_f.jpg
2004.03.25 21:33 B E:\Data\Jules\Web\www hivehoneyshop\Website\images\honeys_g.jpg --> ftp.thehivehoneyshop.co.uk /thehivehoneyshop.co.uk/htdocs/images honeys_g.jpg
2004.03.25 21:33 B E:\Data\Jules\Web\www hivehoneyshop\Website\images\honeys_h.jpg --> ftp.thehivehoneyshop.co.uk /thehivehoneyshop.co.uk/htdocs/images honeys_h.jpg
2004.03.25 21:33 B E:\Data\Jules\Web\www hivehoneyshop\Website\images\honeys_i.jpg --> ftp.thehivehoneyshop.co.uk /thehivehoneyshop.co.uk/htdocs/images honeys_i.jpg
2004.03.25 21:33 B E:\Data\Jules\Web\www hivehoneyshop\Website\images\inside1.jpg --> ftp.thehivehoneyshop.co.uk /thehivehoneyshop.co.uk/htdocs/images inside1.jpg
2004.03.25 21:33 B E:\Data\Jules\Web\www hivehoneyshop\Website\images\inside2.jpg --> ftp.thehivehoneyshop.co.uk /thehivehoneyshop.co.uk/htdocs/images inside2.jpg
2004.03.25 21:33 B E:\Data\Jules\Web\www hivehoneyshop\Website\images\more_gifts_a.jpg --> ftp.thehivehoneyshop.co.uk /thehivehoneyshop.co.uk/htdocs/images more_gifts_a.jpg
2004.03.25 21:33 B E:\Data\Jules\Web\www hivehoneyshop\Website\images\more_gifts_b.jpg --> ftp.thehivehoneyshop.co.uk /thehivehoneyshop.co.uk/htdocs/images more_gifts_b.jpg
2004.03.25 21:33 B E:\Data\Jules\Web\www hivehoneyshop\Website\images\more_gifts_c.jpg --> ftp.thehivehoneyshop.co.uk /thehivehoneyshop.co.uk/htdocs/images more_gifts_c.jpg
2004.03.25 21:33 B E:\Data\Jules\Web\www hivehoneyshop\Website\images\more_gifts_d.jpg --> ftp.thehivehoneyshop.co.uk /thehivehoneyshop.co.uk/htdocs/images more_gifts_d.jpg
2004.03.25 21:33 B E:\Data\Jules\Web\www hivehoneyshop\Website\images\more_gifts_e.jpg --> ftp.thehivehoneyshop.co.uk /thehivehoneyshop.co.uk/htdocs/images more_gifts_e.jpg
2004.03.25 21:33 B E:\Data\Jules\Web\www hivehoneyshop\Website\images\more_gifts_f.jpg --> ftp.thehivehoneyshop.co.uk /thehivehoneyshop.co.uk/htdocs/images more_gifts_f.jpg
2004.03.25 21:33 B E:\Data\Jules\Web\www hivehoneyshop\Website\images\more_gifts_g.jpg --> ftp.thehivehoneyshop.co.uk /thehivehoneyshop.co.uk/htdocs/images more_gifts_g.jpg
2004.03.25 21:33 B E:\Data\Jules\Web\www hivehoneyshop\Website\images\more_gifts_h.jpg --> ftp.thehivehoneyshop.co.uk /thehivehoneyshop.co.uk/htdocs/images more_gifts_h.jpg
2004.03.25 21:33 B E:\Data\Jules\Web\www hivehoneyshop\Website\images\more_gifts_i.jpg --> ftp.thehivehoneyshop.co.uk /thehivehoneyshop.co.uk/htdocs/images more_gifts_i.jpg
2004.03.25 21:33 B E:\Data\Jules\Web\www hivehoneyshop\Website\images\more_gifts_j.jpg --> ftp.thehivehoneyshop.co.uk /thehivehoneyshop.co.uk/htdocs/images more_gifts_j.jpg
2004.03.25 21:33 B E:\Data\Jules\Web\www hivehoneyshop\Website\images\more_gifts_k.jpg --> ftp.thehivehoneyshop.co.uk /thehivehoneyshop.co.uk/htdocs/images more_gifts_k.jpg
2004.03.25 21:33 B E:\Data\Jules\Web\www hivehoneyshop\Website\images\more_gifts_l.jpg --> ftp.thehivehoneyshop.co.uk /thehivehoneyshop.co.uk/htdocs/images more_gifts_l.jpg
2004.03.25 21:33 B E:\Data\Jules\Web\www hivehoneyshop\Website\images\more_gifts_m.jpg --> ftp.thehivehoneyshop.co.uk /thehivehoneyshop.co.uk/htdocs/images more_gifts_m.jpg
2004.03.25 21:33 B E:\Data\Jules\Web\www hivehoneyshop\Website\images\ourprep1_a.jpg --> ftp.thehivehoneyshop.co.uk /thehivehoneyshop.co.uk/htdocs/images ourprep1_a.jpg
2004.03.25 21:33 B E:\Data\Jules\Web\www hivehoneyshop\Website\images\ourprep1_b.jpg --> ftp.thehivehoneyshop.co.uk /thehivehoneyshop.co.uk/htdocs/images ourprep1_b.jpg
2004.03.25 21:34 B E:\Data\Jules\Web\www hivehoneyshop\Website\images\ourprep1_c.jpg --> ftp.thehivehoneyshop.co.uk /thehivehoneyshop.co.uk/htdocs/images ourprep1_c.jpg
2004.03.25 21:34 B E:\Data\Jules\Web\www hivehoneyshop\Website\images\ourprep1_d.jpg --> ftp.thehivehoneyshop.co.uk /thehivehoneyshop.co.uk/htdocs/images ourprep1_d.jpg
2004.03.25 21:34 B E:\Data\Jules\Web\www hivehoneyshop\Website\images\ourprep2_a.jpg --> ftp.thehivehoneyshop.co.uk /thehivehoneyshop.co.uk/htdocs/images ourprep2_a.jpg
2004.03.25 21:34 B E:\Data\Jules\Web\www hivehoneyshop\Website\images\ourprep2_b.jpg --> ftp.thehivehoneyshop.co.uk /thehivehoneyshop.co.uk/htdocs/images ourprep2_b.jpg
2004.03.25 21:34 B E:\Data\Jules\Web\www hivehoneyshop\Website\images\ourprep2_c.jpg --> ftp.thehivehoneyshop.co.uk /thehivehoneyshop.co.uk/htdocs/images ourprep2_c.jpg
2004.03.25 21:34 B E:\Data\Jules\Web\www hivehoneyshop\Website\images\ourprep3.jpg --> ftp.thehivehoneyshop.co.uk /thehivehoneyshop.co.uk/htdocs/images ourprep3.jpg
2004.03.25 21:34 B E:\Data\Jules\Web\www hivehoneyshop\Website\images\silverpot_a.jpg --> ftp.thehivehoneyshop.co.uk /thehivehoneyshop.co.uk/htdocs/images silverpot_a.jpg
2004.03.25 21:34 B E:\Data\Jules\Web\www hivehoneyshop\Website\images\silverpot_b.jpg --> ftp.thehivehoneyshop.co.uk /thehivehoneyshop.co.uk/htdocs/images silverpot_b.jpg
2004.03.25 21:34 B E:\Data\Jules\Web\www hivehoneyshop\Website\images\silverpot_c.jpg --> ftp.thehivehoneyshop.co.uk /thehivehoneyshop.co.uk/htdocs/images silverpot_c.jpg
2004.03.25 21:34 B E:\Data\Jules\Web\www hivehoneyshop\Website\images\silverpot_d.jpg --> ftp.thehivehoneyshop.co.uk /thehivehoneyshop.co.uk/htdocs/images silverpot_d.jpg
2004.03.25 21:34 B E:\Data\Jules\Web\www hivehoneyshop\Website\images\silverpot_e.jpg --> ftp.thehivehoneyshop.co.uk /thehivehoneyshop.co.uk/htdocs/images silverpot_e.jpg
2004.03.25 21:34 B E:\Data\Jules\Web\www hivehoneyshop\Website\images\spacer.gif --> ftp.thehivehoneyshop.co.uk /thehivehoneyshop.co.uk/htdocs/images spacer.gif
2004.03.25 21:34 B E:\Data\Jules\Web\www hivehoneyshop\Website\images\viewbasket.gif --> ftp.thehivehoneyshop.co.uk /thehivehoneyshop.co.uk/htdocs/images viewbasket.gif
