2004.03.07 23:04 B E:\Data\Jules\Web\www hivehoneyshop\Website\admin\adminutils.asp <-- Grapefruit /grapefruit-web.co.uk/htdocs/clients/hivehoneyshop/admin adminutils.asp
2004.03.07 23:04 B E:\Data\Jules\Web\www hivehoneyshop\Website\admin\default.asp <-- Grapefruit /grapefruit-web.co.uk/htdocs/clients/hivehoneyshop/admin default.asp
2004.03.07 23:04 B E:\Data\Jules\Web\www hivehoneyshop\Website\admin\EditCategory.asp <-- Grapefruit /grapefruit-web.co.uk/htdocs/clients/hivehoneyshop/admin EditCategory.asp
2004.03.07 23:04 B E:\Data\Jules\Web\www hivehoneyshop\Website\admin\hive.css <-- Grapefruit /grapefruit-web.co.uk/htdocs/clients/hivehoneyshop/admin hive.css
2004.03.07 23:04 B E:\Data\Jules\Web\www hivehoneyshop\Website\admin\list_products.asp <-- Grapefruit /grapefruit-web.co.uk/htdocs/clients/hivehoneyshop/admin list_products.asp
2004.03.07 23:04 B E:\Data\Jules\Web\www hivehoneyshop\Website\admin\logout.asp <-- Grapefruit /grapefruit-web.co.uk/htdocs/clients/hivehoneyshop/admin logout.asp
2004.03.07 23:04 B E:\Data\Jules\Web\www hivehoneyshop\Website\admin\mainpage.asp <-- Grapefruit /grapefruit-web.co.uk/htdocs/clients/hivehoneyshop/admin mainpage.asp
2004.03.07 23:04 B E:\Data\Jules\Web\www hivehoneyshop\Website\admin\update_catalogue.asp <-- Grapefruit /grapefruit-web.co.uk/htdocs/clients/hivehoneyshop/admin update_catalogue.asp
2004.03.07 23:04 B E:\Data\Jules\Web\www hivehoneyshop\Website\admin\updatecategory.asp <-- Grapefruit /grapefruit-web.co.uk/htdocs/clients/hivehoneyshop/admin updatecategory.asp
2004.03.07 23:04 B E:\Data\Jules\Web\www hivehoneyshop\Website\admin\updateitem.asp <-- Grapefruit /grapefruit-web.co.uk/htdocs/clients/hivehoneyshop/admin updateitem.asp
2004.03.07 23:04 B E:\Data\Jules\Web\www hivehoneyshop\Website\admin\updateproduct.asp <-- Grapefruit /grapefruit-web.co.uk/htdocs/clients/hivehoneyshop/admin updateproduct.asp
2004.03.07 23:04 B E:\Data\Jules\Web\www hivehoneyshop\Website\admin\upload_image.asp <-- Grapefruit /grapefruit-web.co.uk/htdocs/clients/hivehoneyshop/admin upload_image.asp
2004.03.25 21:17 B E:\Data\Jules\Web\www hivehoneyshop\Website\admin\adminutils.asp --> ftp.thehivehoneyshop.co.uk /thehivehoneyshop.co.uk/htdocs/admin adminutils.asp
2004.03.25 21:17 B E:\Data\Jules\Web\www hivehoneyshop\Website\admin\default.asp --> ftp.thehivehoneyshop.co.uk /thehivehoneyshop.co.uk/htdocs/admin default.asp
2004.03.25 21:17 B E:\Data\Jules\Web\www hivehoneyshop\Website\admin\EditCategory.asp --> ftp.thehivehoneyshop.co.uk /thehivehoneyshop.co.uk/htdocs/admin EditCategory.asp
2004.03.25 21:17 B E:\Data\Jules\Web\www hivehoneyshop\Website\admin\header.asp --> ftp.thehivehoneyshop.co.uk /thehivehoneyshop.co.uk/htdocs/admin header.asp
2004.03.25 21:17 B E:\Data\Jules\Web\www hivehoneyshop\Website\admin\hive.css --> ftp.thehivehoneyshop.co.uk /thehivehoneyshop.co.uk/htdocs/admin hive.css
2004.03.25 21:17 B E:\Data\Jules\Web\www hivehoneyshop\Website\admin\list_products.asp --> ftp.thehivehoneyshop.co.uk /thehivehoneyshop.co.uk/htdocs/admin list_products.asp
2004.03.25 21:17 B E:\Data\Jules\Web\www hivehoneyshop\Website\admin\logout.asp --> ftp.thehivehoneyshop.co.uk /thehivehoneyshop.co.uk/htdocs/admin logout.asp
2004.03.25 21:17 B E:\Data\Jules\Web\www hivehoneyshop\Website\admin\mainpage.asp --> ftp.thehivehoneyshop.co.uk /thehivehoneyshop.co.uk/htdocs/admin mainpage.asp
2004.03.25 21:17 B E:\Data\Jules\Web\www hivehoneyshop\Website\admin\update_catalogue.asp --> ftp.thehivehoneyshop.co.uk /thehivehoneyshop.co.uk/htdocs/admin update_catalogue.asp
2004.03.25 21:17 B E:\Data\Jules\Web\www hivehoneyshop\Website\admin\updatecategory.asp --> ftp.thehivehoneyshop.co.uk /thehivehoneyshop.co.uk/htdocs/admin updatecategory.asp
2004.03.25 21:17 B E:\Data\Jules\Web\www hivehoneyshop\Website\admin\updateitem.asp --> ftp.thehivehoneyshop.co.uk /thehivehoneyshop.co.uk/htdocs/admin updateitem.asp
2004.03.25 21:17 B E:\Data\Jules\Web\www hivehoneyshop\Website\admin\updateproduct.asp --> ftp.thehivehoneyshop.co.uk /thehivehoneyshop.co.uk/htdocs/admin updateproduct.asp
2004.03.25 21:17 B E:\Data\Jules\Web\www hivehoneyshop\Website\admin\upload_image.asp --> ftp.thehivehoneyshop.co.uk /thehivehoneyshop.co.uk/htdocs/admin upload_image.asp
